2024-03-22 11:19:29 |INFO| |[logconfig.py:17][basic]| file     : ./log.log
2024-03-22 11:19:29 |INFO| |[logconfig.py:18][basic]| abspath  : /Users/johnny/Development/HUSKYPO/log.log
2024-03-22 11:19:29 |INFO| |[logconfig.py:19][basic]| dirname  : /Users/johnny/Development/HUSKYPO
2024-03-22 11:19:29 |INFO| |[element.py:144][test_attributes]| driver           : DRIVER
2024-03-22 11:19:29 |INFO| |[element.py:145][test_attributes]| by               : id
2024-03-22 11:19:29 |INFO| |[element.py:146][test_attributes]| value            : value
2024-03-22 11:19:29 |INFO| |[element.py:147][test_attributes]| locator          : ('id', 'value')
2024-03-22 11:19:29 |INFO| |[element.py:148][test_attributes]| index            : None
2024-03-22 11:19:29 |INFO| |[element.py:149][test_attributes]| timeout          : None
2024-03-22 11:19:29 |INFO| |[element.py:150][test_attributes]| element_timeout  : 60
2024-03-22 11:19:29 |INFO| |[element.py:151][test_attributes]| wait_timeout     : None
2024-03-22 11:19:29 |INFO| |[element.py:152][test_attributes]| remark           : value
2024-03-22 11:19:29 |INFO| |[element.py:153][test_attributes]| 
2024-03-22 11:19:29 |INFO| |[element.py:144][test_attributes]| driver           : DRIVER
2024-03-22 11:19:29 |INFO| |[element.py:145][test_attributes]| by               : id
2024-03-22 11:19:29 |INFO| |[element.py:146][test_attributes]| value            : value
2024-03-22 11:19:29 |INFO| |[element.py:147][test_attributes]| locator          : ('id', 'value')
2024-03-22 11:19:29 |INFO| |[element.py:148][test_attributes]| index            : 0
2024-03-22 11:19:29 |INFO| |[element.py:149][test_attributes]| timeout          : None
2024-03-22 11:19:29 |INFO| |[element.py:150][test_attributes]| element_timeout  : 60
2024-03-22 11:19:29 |INFO| |[element.py:151][test_attributes]| wait_timeout     : None
2024-03-22 11:19:29 |INFO| |[element.py:152][test_attributes]| remark           : (value)[0]
2024-03-22 11:19:29 |INFO| |[element.py:153][test_attributes]| 
2024-03-22 11:19:29 |INFO| |[element.py:144][test_attributes]| driver           : DRIVER
2024-03-22 11:19:29 |INFO| |[element.py:145][test_attributes]| by               : id
2024-03-22 11:19:29 |INFO| |[element.py:146][test_attributes]| value            : value
2024-03-22 11:19:29 |INFO| |[element.py:147][test_attributes]| locator          : ('id', 'value')
2024-03-22 11:19:29 |INFO| |[element.py:148][test_attributes]| index            : None
2024-03-22 11:19:29 |INFO| |[element.py:149][test_attributes]| timeout          : None
2024-03-22 11:19:29 |INFO| |[element.py:150][test_attributes]| element_timeout  : 60
2024-03-22 11:19:29 |INFO| |[element.py:151][test_attributes]| wait_timeout     : None
2024-03-22 11:19:29 |INFO| |[element.py:152][test_attributes]| remark           : this is remark
2024-03-22 11:19:29 |INFO| |[element.py:153][test_attributes]| 
2024-03-22 11:19:29 |INFO| |[element.py:144][test_attributes]| driver           : DRIVER
2024-03-22 11:19:29 |INFO| |[element.py:145][test_attributes]| by               : id
2024-03-22 11:19:29 |INFO| |[element.py:146][test_attributes]| value            : value
2024-03-22 11:19:29 |INFO| |[element.py:147][test_attributes]| locator          : ('id', 'value')
2024-03-22 11:19:29 |INFO| |[element.py:148][test_attributes]| index            : -1
2024-03-22 11:19:29 |INFO| |[element.py:149][test_attributes]| timeout          : 99
2024-03-22 11:19:29 |INFO| |[element.py:150][test_attributes]| element_timeout  : 99
2024-03-22 11:19:29 |INFO| |[element.py:151][test_attributes]| wait_timeout     : None
2024-03-22 11:19:29 |INFO| |[element.py:152][test_attributes]| remark           : (value)[-1]
2024-03-22 11:19:29 |INFO| |[element.py:153][test_attributes]| 
2024-03-22 11:19:29 |INFO| |[element.py:144][test_attributes]| driver           : DRIVER
2024-03-22 11:19:29 |INFO| |[element.py:145][test_attributes]| by               : id
2024-03-22 11:19:29 |INFO| |[element.py:146][test_attributes]| value            : value
2024-03-22 11:19:29 |INFO| |[element.py:147][test_attributes]| locator          : ('id', 'value')
2024-03-22 11:19:29 |INFO| |[element.py:148][test_attributes]| index            : -1
2024-03-22 11:19:29 |INFO| |[element.py:149][test_attributes]| timeout          : None
2024-03-22 11:19:29 |INFO| |[element.py:150][test_attributes]| element_timeout  : 60
2024-03-22 11:19:29 |INFO| |[element.py:151][test_attributes]| wait_timeout     : None
2024-03-22 11:19:29 |INFO| |[element.py:152][test_attributes]| remark           : this is remark
2024-03-22 11:19:29 |INFO| |[element.py:153][test_attributes]| 
2024-03-22 11:19:29 |INFO| |[element.py:144][test_attributes]| driver           : DRIVER
2024-03-22 11:19:29 |INFO| |[element.py:145][test_attributes]| by               : id
2024-03-22 11:19:29 |INFO| |[element.py:146][test_attributes]| value            : value
2024-03-22 11:19:29 |INFO| |[element.py:147][test_attributes]| locator          : ('id', 'value')
2024-03-22 11:19:29 |INFO| |[element.py:148][test_attributes]| index            : -1
2024-03-22 11:19:29 |INFO| |[element.py:149][test_attributes]| timeout          : 99
2024-03-22 11:19:29 |INFO| |[element.py:150][test_attributes]| element_timeout  : 99
2024-03-22 11:19:29 |INFO| |[element.py:151][test_attributes]| wait_timeout     : None
2024-03-22 11:19:29 |INFO| |[element.py:152][test_attributes]| remark           : this is remark
2024-03-22 11:19:29 |INFO| |[element.py:153][test_attributes]| 
2024-03-22 11:19:29 |INFO| |[elements.py:121][test_attributes]| driver           : DRIVER
2024-03-22 11:19:29 |INFO| |[elements.py:122][test_attributes]| by               : id
2024-03-22 11:19:29 |INFO| |[elements.py:123][test_attributes]| value            : value
2024-03-22 11:19:29 |INFO| |[elements.py:124][test_attributes]| locator          : ('id', 'value')
2024-03-22 11:19:29 |INFO| |[elements.py:125][test_attributes]| timeout          : None
2024-03-22 11:19:29 |INFO| |[elements.py:126][test_attributes]| element_timeout  : 60
2024-03-22 11:19:29 |INFO| |[elements.py:127][test_attributes]| wait_timeout     : None
2024-03-22 11:19:29 |INFO| |[elements.py:128][test_attributes]| remark           : value
2024-03-22 11:19:29 |INFO| |[elements.py:129][test_attributes]| 
2024-03-22 11:19:29 |INFO| |[elements.py:121][test_attributes]| driver           : DRIVER
2024-03-22 11:19:29 |INFO| |[elements.py:122][test_attributes]| by               : id
2024-03-22 11:19:29 |INFO| |[elements.py:123][test_attributes]| value            : value
2024-03-22 11:19:29 |INFO| |[elements.py:124][test_attributes]| locator          : ('id', 'value')
2024-03-22 11:19:29 |INFO| |[elements.py:125][test_attributes]| timeout          : 10
2024-03-22 11:19:29 |INFO| |[elements.py:126][test_attributes]| element_timeout  : 10
2024-03-22 11:19:29 |INFO| |[elements.py:127][test_attributes]| wait_timeout     : None
2024-03-22 11:19:29 |INFO| |[elements.py:128][test_attributes]| remark           : value
2024-03-22 11:19:29 |INFO| |[elements.py:129][test_attributes]| 
2024-03-22 11:19:29 |INFO| |[elements.py:121][test_attributes]| driver           : DRIVER
2024-03-22 11:19:29 |INFO| |[elements.py:122][test_attributes]| by               : id
2024-03-22 11:19:29 |INFO| |[elements.py:123][test_attributes]| value            : value
2024-03-22 11:19:29 |INFO| |[elements.py:124][test_attributes]| locator          : ('id', 'value')
2024-03-22 11:19:29 |INFO| |[elements.py:125][test_attributes]| timeout          : None
2024-03-22 11:19:29 |INFO| |[elements.py:126][test_attributes]| element_timeout  : 60
2024-03-22 11:19:29 |INFO| |[elements.py:127][test_attributes]| wait_timeout     : None
2024-03-22 11:19:29 |INFO| |[elements.py:128][test_attributes]| remark           : this is remark
2024-03-22 11:19:29 |INFO| |[elements.py:129][test_attributes]| 
2024-03-22 11:19:29 |INFO| |[elements.py:121][test_attributes]| driver           : DRIVER
2024-03-22 11:19:29 |INFO| |[elements.py:122][test_attributes]| by               : id
2024-03-22 11:19:29 |INFO| |[elements.py:123][test_attributes]| value            : value
2024-03-22 11:19:29 |INFO| |[elements.py:124][test_attributes]| locator          : ('id', 'value')
2024-03-22 11:19:29 |INFO| |[elements.py:125][test_attributes]| timeout          : 30
2024-03-22 11:19:29 |INFO| |[elements.py:126][test_attributes]| element_timeout  : 30
2024-03-22 11:19:29 |INFO| |[elements.py:127][test_attributes]| wait_timeout     : None
2024-03-22 11:19:29 |INFO| |[elements.py:128][test_attributes]| remark           : this is remark
2024-03-22 11:19:29 |INFO| |[elements.py:129][test_attributes]| 
2024-03-22 11:19:29 |INFO| |[element.py:144][test_attributes]| driver           : DRIVER
2024-03-22 11:19:29 |INFO| |[element.py:145][test_attributes]| by               : id
2024-03-22 11:19:29 |INFO| |[element.py:146][test_attributes]| value            : ID_123
2024-03-22 11:19:29 |INFO| |[element.py:147][test_attributes]| locator          : ('id', 'ID_123')
2024-03-22 11:19:29 |INFO| |[element.py:148][test_attributes]| index            : None
2024-03-22 11:19:29 |INFO| |[element.py:149][test_attributes]| timeout          : 99
2024-03-22 11:19:29 |INFO| |[element.py:150][test_attributes]| element_timeout  : 99
2024-03-22 11:19:29 |INFO| |[element.py:151][test_attributes]| wait_timeout     : None
2024-03-22 11:19:29 |INFO| |[element.py:152][test_attributes]| remark           : this is dynamic element by decorator
2024-03-22 11:19:29 |INFO| |[element.py:153][test_attributes]| 
2024-03-22 11:19:29 |INFO| |[elements.py:121][test_attributes]| driver           : DRIVER
2024-03-22 11:19:29 |INFO| |[elements.py:122][test_attributes]| by               : accessibility id
2024-03-22 11:19:29 |INFO| |[elements.py:123][test_attributes]| value            : ACCID_123456
2024-03-22 11:19:29 |INFO| |[elements.py:124][test_attributes]| locator          : ('accessibility id', 'ACCID_123456')
2024-03-22 11:19:29 |INFO| |[elements.py:125][test_attributes]| timeout          : 99
2024-03-22 11:19:29 |INFO| |[elements.py:126][test_attributes]| element_timeout  : 99
2024-03-22 11:19:29 |INFO| |[elements.py:127][test_attributes]| wait_timeout     : None
2024-03-22 11:19:29 |INFO| |[elements.py:128][test_attributes]| remark           : this is dynamic elements by decorator
2024-03-22 11:19:29 |INFO| |[elements.py:129][test_attributes]| 
2024-03-22 11:19:29 |INFO| |[element.py:144][test_attributes]| driver           : DRIVER
2024-03-22 11:19:29 |INFO| |[element.py:145][test_attributes]| by               : id
2024-03-22 11:19:29 |INFO| |[element.py:146][test_attributes]| value            : value_123
2024-03-22 11:19:29 |INFO| |[element.py:147][test_attributes]| locator          : ('id', 'value_123')
2024-03-22 11:19:29 |INFO| |[element.py:148][test_attributes]| index            : None
2024-03-22 11:19:29 |INFO| |[element.py:149][test_attributes]| timeout          : None
2024-03-22 11:19:29 |INFO| |[element.py:150][test_attributes]| element_timeout  : 60
2024-03-22 11:19:29 |INFO| |[element.py:151][test_attributes]| wait_timeout     : None
2024-03-22 11:19:29 |INFO| |[element.py:152][test_attributes]| remark           : value_123
2024-03-22 11:19:29 |INFO| |[element.py:153][test_attributes]| 
2024-03-22 11:19:29 |INFO| |[element.py:144][test_attributes]| driver           : DRIVER
2024-03-22 11:19:29 |INFO| |[element.py:145][test_attributes]| by               : id
2024-03-22 11:19:29 |INFO| |[element.py:146][test_attributes]| value            : value_123
2024-03-22 11:19:29 |INFO| |[element.py:147][test_attributes]| locator          : ('id', 'value_123')
2024-03-22 11:19:29 |INFO| |[element.py:148][test_attributes]| index            : None
2024-03-22 11:19:29 |INFO| |[element.py:149][test_attributes]| timeout          : None
2024-03-22 11:19:29 |INFO| |[element.py:150][test_attributes]| element_timeout  : 60
2024-03-22 11:19:29 |INFO| |[element.py:151][test_attributes]| wait_timeout     : None
2024-03-22 11:19:29 |INFO| |[element.py:152][test_attributes]| remark           : value_123
2024-03-22 11:19:29 |INFO| |[element.py:153][test_attributes]| 
2024-03-22 11:19:29 |INFO| |[elements.py:121][test_attributes]| driver           : DRIVER
2024-03-22 11:19:29 |INFO| |[elements.py:122][test_attributes]| by               : accessibility id
2024-03-22 11:19:29 |INFO| |[elements.py:123][test_attributes]| value            : value_123456
2024-03-22 11:19:29 |INFO| |[elements.py:124][test_attributes]| locator          : ('accessibility id', 'value_123456')
2024-03-22 11:19:29 |INFO| |[elements.py:125][test_attributes]| timeout          : None
2024-03-22 11:19:29 |INFO| |[elements.py:126][test_attributes]| element_timeout  : 60
2024-03-22 11:19:29 |INFO| |[elements.py:127][test_attributes]| wait_timeout     : None
2024-03-22 11:19:29 |INFO| |[elements.py:128][test_attributes]| remark           : value_123456
2024-03-22 11:19:29 |INFO| |[elements.py:129][test_attributes]| 
2024-03-22 11:19:29 |INFO| |[elements.py:121][test_attributes]| driver           : DRIVER
2024-03-22 11:19:29 |INFO| |[elements.py:122][test_attributes]| by               : accessibility id
2024-03-22 11:19:29 |INFO| |[elements.py:123][test_attributes]| value            : value_123456
2024-03-22 11:19:29 |INFO| |[elements.py:124][test_attributes]| locator          : ('accessibility id', 'value_123456')
2024-03-22 11:19:29 |INFO| |[elements.py:125][test_attributes]| timeout          : None
2024-03-22 11:19:29 |INFO| |[elements.py:126][test_attributes]| element_timeout  : 60
2024-03-22 11:19:29 |INFO| |[elements.py:127][test_attributes]| wait_timeout     : None
2024-03-22 11:19:29 |INFO| |[elements.py:128][test_attributes]| remark           : value_123456
2024-03-22 11:19:29 |INFO| |[elements.py:129][test_attributes]| 
